Copyright 1986-2020 Xilinx, Inc. All Rights Reserved.
--------------------------------------------------------------------------------------------------------------------------------------------------------------
| Tool Version : Vivado v.2020.1 (win64) Build 2902540 Wed May 27 19:54:49 MDT 2020
| Date         : Thu Dec  3 08:32:43 2020
| Host         : SBB running 64-bit major release  (build 9200)
| Command      : report_methodology -file au_top_0_methodology_drc_routed.rpt -pb au_top_0_methodology_drc_routed.pb -rpx au_top_0_methodology_drc_routed.rpx
| Design       : au_top_0
| Device       : xc7a35tftg256-1
| Speed File   : -1
| Design State : Fully Routed
--------------------------------------------------------------------------------------------------------------------------------------------------------------

Report Methodology

Table of Contents
-----------------
1. REPORT SUMMARY
2. REPORT DETAILS

1. REPORT SUMMARY
-----------------
            Netlist: netlist
          Floorplan: design_1
      Design limits: <entire design considered>
             Max violations: <unlimited>
             Violations found: 116
+-----------+----------+------------------------------------------------------+------------+
| Rule      | Severity | Description                                          | Violations |
+-----------+----------+------------------------------------------------------+------------+
| SYNTH-13  | Warning  | combinational multiplier                             | 2          |
| TIMING-16 | Warning  | Large setup violation                                | 63         |
| TIMING-18 | Warning  | Missing input or output delay                        | 49         |
| XDCC-4    | Warning  | User Clock constraint overwritten with the same name | 1          |
| XDCC-8    | Warning  | User Clock constraint overwritten on the same source | 1          |
+-----------+----------+------------------------------------------------------+------------+

2. REPORT DETAILS
-----------------
SYNTH-13#1 Warning
combinational multiplier  
Detected combinational multiplier in DSP instance gameMachine/game_alu/adder/out0.
Related violations: <none>

SYNTH-13#2 Warning
combinational multiplier  
Detected combinational multiplier in DSP instance gameMachine/game_alu/adder/z2.
Related violations: <none>

TIMING-16#1 Warning
Large setup violation  
There is a large setup violation of -32.467 ns between gameMachine/game_controlUnit/FSM_sequential_M_game_fsm_q_reg[3]_replica_3/C (clocked by clk_0) and gameMachine/game_regFile/M_temp6_q_reg[0]/D (clocked by clk_0). Large setup violations at the end of those stages might be difficult to fix during the post-placement implementation flow and could be the result of non-optimal XDC constraints or non-optimal design architecture
Related violations: <none>

TIMING-16#2 Warning
Large setup violation  
There is a large setup violation of -32.680 ns between gameMachine/game_controlUnit/FSM_sequential_M_game_fsm_q_reg[3]_replica_3/C (clocked by clk_0) and gameMachine/game_regFile/M_countdown_timer_q_reg[3]/D (clocked by clk_0). Large setup violations at the end of those stages might be difficult to fix during the post-placement implementation flow and could be the result of non-optimal XDC constraints or non-optimal design architecture
Related violations: <none>

TIMING-16#3 Warning
Large setup violation  
There is a large setup violation of -32.911 ns between gameMachine/game_controlUnit/FSM_sequential_M_game_fsm_q_reg[3]_replica_3/C (clocked by clk_0) and gameMachine/game_regFile/M_countdown_timer_q_reg[2]/D (clocked by clk_0). Large setup violations at the end of those stages might be difficult to fix during the post-placement implementation flow and could be the result of non-optimal XDC constraints or non-optimal design architecture
Related violations: <none>

TIMING-16#4 Warning
Large setup violation  
There is a large setup violation of -32.920 ns between gameMachine/game_controlUnit/FSM_sequential_M_game_fsm_q_reg[3]_replica_3/C (clocked by clk_0) and gameMachine/game_regFile/M_operand2_q_reg[4]/D (clocked by clk_0). Large setup violations at the end of those stages might be difficult to fix during the post-placement implementation flow and could be the result of non-optimal XDC constraints or non-optimal design architecture
Related violations: <none>

TIMING-16#5 Warning
Large setup violation  
There is a large setup violation of -32.949 ns between gameMachine/game_controlUnit/FSM_sequential_M_game_fsm_q_reg[3]_replica_3/C (clocked by clk_0) and gameMachine/game_regFile/M_operand1_q_reg[0]/D (clocked by clk_0). Large setup violations at the end of those stages might be difficult to fix during the post-placement implementation flow and could be the result of non-optimal XDC constraints or non-optimal design architecture
Related violations: <none>

TIMING-16#6 Warning
Large setup violation  
There is a large setup violation of -32.950 ns between gameMachine/game_controlUnit/FSM_sequential_M_game_fsm_q_reg[3]_replica_3/C (clocked by clk_0) and gameMachine/game_regFile/M_operand2_q_reg[1]/D (clocked by clk_0). Large setup violations at the end of those stages might be difficult to fix during the post-placement implementation flow and could be the result of non-optimal XDC constraints or non-optimal design architecture
Related violations: <none>

TIMING-16#7 Warning
Large setup violation  
There is a large setup violation of -32.970 ns between gameMachine/game_controlUnit/FSM_sequential_M_game_fsm_q_reg[3]_replica_3/C (clocked by clk_0) and gameMachine/game_regFile/M_countdown_timer_q_reg[0]/D (clocked by clk_0). Large setup violations at the end of those stages might be difficult to fix during the post-placement implementation flow and could be the result of non-optimal XDC constraints or non-optimal design architecture
Related violations: <none>

TIMING-16#8 Warning
Large setup violation  
There is a large setup violation of -32.972 ns between gameMachine/game_controlUnit/FSM_sequential_M_game_fsm_q_reg[3]_replica_3/C (clocked by clk_0) and gameMachine/game_regFile/M_ledvalue_q_reg[0]/D (clocked by clk_0). Large setup violations at the end of those stages might be difficult to fix during the post-placement implementation flow and could be the result of non-optimal XDC constraints or non-optimal design architecture
Related violations: <none>

TIMING-16#9 Warning
Large setup violation  
There is a large setup violation of -32.972 ns between gameMachine/game_controlUnit/FSM_sequential_M_game_fsm_q_reg[3]_replica_3/C (clocked by clk_0) and gameMachine/game_regFile/M_operand1_q_reg[0]_lopt_replica/D (clocked by clk_0). Large setup violations at the end of those stages might be difficult to fix during the post-placement implementation flow and could be the result of non-optimal XDC constraints or non-optimal design architecture
Related violations: <none>

TIMING-16#10 Warning
Large setup violation  
There is a large setup violation of -32.982 ns between gameMachine/game_controlUnit/FSM_sequential_M_game_fsm_q_reg[3]_replica_3/C (clocked by clk_0) and gameMachine/game_regFile/M_operand1_q_reg[1]_lopt_replica/D (clocked by clk_0). Large setup violations at the end of those stages might be difficult to fix during the post-placement implementation flow and could be the result of non-optimal XDC constraints or non-optimal design architecture
Related violations: <none>

TIMING-16#11 Warning
Large setup violation  
There is a large setup violation of -32.987 ns between gameMachine/game_controlUnit/FSM_sequential_M_game_fsm_q_reg[3]_replica_3/C (clocked by clk_0) and gameMachine/game_regFile/M_score_q_reg[0]/D (clocked by clk_0). Large setup violations at the end of those stages might be difficult to fix during the post-placement implementation flow and could be the result of non-optimal XDC constraints or non-optimal design architecture
Related violations: <none>

TIMING-16#12 Warning
Large setup violation  
There is a large setup violation of -33.012 ns between gameMachine/game_controlUnit/FSM_sequential_M_game_fsm_q_reg[3]_replica_3/C (clocked by clk_0) and gameMachine/game_regFile/M_expectedAns_q_reg[10]/D (clocked by clk_0). Large setup violations at the end of those stages might be difficult to fix during the post-placement implementation flow and could be the result of non-optimal XDC constraints or non-optimal design architecture
Related violations: <none>

TIMING-16#13 Warning
Large setup violation  
There is a large setup violation of -33.033 ns between gameMachine/game_controlUnit/FSM_sequential_M_game_fsm_q_reg[3]_replica_3/C (clocked by clk_0) and gameMachine/game_regFile/M_ledvalue_q_reg[7]/D (clocked by clk_0). Large setup violations at the end of those stages might be difficult to fix during the post-placement implementation flow and could be the result of non-optimal XDC constraints or non-optimal design architecture
Related violations: <none>

TIMING-16#14 Warning
Large setup violation  
There is a large setup violation of -33.068 ns between gameMachine/game_controlUnit/FSM_sequential_M_game_fsm_q_reg[3]_replica_3/C (clocked by clk_0) and gameMachine/game_regFile/M_expectedAns_q_reg[12]/D (clocked by clk_0). Large setup violations at the end of those stages might be difficult to fix during the post-placement implementation flow and could be the result of non-optimal XDC constraints or non-optimal design architecture
Related violations: <none>

TIMING-16#15 Warning
Large setup violation  
There is a large setup violation of -33.096 ns between gameMachine/game_controlUnit/FSM_sequential_M_game_fsm_q_reg[3]_replica_3/C (clocked by clk_0) and gameMachine/game_regFile/M_expectedAns_q_reg[11]/D (clocked by clk_0). Large setup violations at the end of those stages might be difficult to fix during the post-placement implementation flow and could be the result of non-optimal XDC constraints or non-optimal design architecture
Related violations: <none>

TIMING-16#16 Warning
Large setup violation  
There is a large setup violation of -33.121 ns between gameMachine/game_controlUnit/FSM_sequential_M_game_fsm_q_reg[3]_replica_3/C (clocked by clk_0) and gameMachine/game_regFile/M_ledvalue_q_reg[1]/D (clocked by clk_0). Large setup violations at the end of those stages might be difficult to fix during the post-placement implementation flow and could be the result of non-optimal XDC constraints or non-optimal design architecture
Related violations: <none>

TIMING-16#17 Warning
Large setup violation  
There is a large setup violation of -33.158 ns between gameMachine/game_controlUnit/FSM_sequential_M_game_fsm_q_reg[3]_replica_3/C (clocked by clk_0) and gameMachine/game_regFile/M_expectedAns_q_reg[0]/D (clocked by clk_0). Large setup violations at the end of those stages might be difficult to fix during the post-placement implementation flow and could be the result of non-optimal XDC constraints or non-optimal design architecture
Related violations: <none>

TIMING-16#18 Warning
Large setup violation  
There is a large setup violation of -33.196 ns between gameMachine/game_controlUnit/FSM_sequential_M_game_fsm_q_reg[3]_replica_3/C (clocked by clk_0) and gameMachine/game_regFile/M_expectedAns_q_reg[3]/D (clocked by clk_0). Large setup violations at the end of those stages might be difficult to fix during the post-placement implementation flow and could be the result of non-optimal XDC constraints or non-optimal design architecture
Related violations: <none>

TIMING-16#19 Warning
Large setup violation  
There is a large setup violation of -33.196 ns between gameMachine/game_controlUnit/FSM_sequential_M_game_fsm_q_reg[3]_replica_3/C (clocked by clk_0) and gameMachine/game_regFile/M_score_q_reg[3]/D (clocked by clk_0). Large setup violations at the end of those stages might be difficult to fix during the post-placement implementation flow and could be the result of non-optimal XDC constraints or non-optimal design architecture
Related violations: <none>

TIMING-16#20 Warning
Large setup violation  
There is a large setup violation of -33.199 ns between gameMachine/game_controlUnit/FSM_sequential_M_game_fsm_q_reg[3]_replica_3/C (clocked by clk_0) and gameMachine/game_regFile/M_score_q_reg[1]/D (clocked by clk_0). Large setup violations at the end of those stages might be difficult to fix during the post-placement implementation flow and could be the result of non-optimal XDC constraints or non-optimal design architecture
Related violations: <none>

TIMING-16#21 Warning
Large setup violation  
There is a large setup violation of -33.200 ns between gameMachine/game_controlUnit/FSM_sequential_M_game_fsm_q_reg[3]_replica_3/C (clocked by clk_0) and gameMachine/game_regFile/M_operand1_q_reg[5]/D (clocked by clk_0). Large setup violations at the end of those stages might be difficult to fix during the post-placement implementation flow and could be the result of non-optimal XDC constraints or non-optimal design architecture
Related violations: <none>

TIMING-16#22 Warning
Large setup violation  
There is a large setup violation of -33.202 ns between gameMachine/game_controlUnit/FSM_sequential_M_game_fsm_q_reg[3]_replica_3/C (clocked by clk_0) and gameMachine/game_regFile/M_ledvalue_q_reg[9]/D (clocked by clk_0). Large setup violations at the end of those stages might be difficult to fix during the post-placement implementation flow and could be the result of non-optimal XDC constraints or non-optimal design architecture
Related violations: <none>

TIMING-16#23 Warning
Large setup violation  
There is a large setup violation of -33.208 ns between gameMachine/game_controlUnit/FSM_sequential_M_game_fsm_q_reg[3]_replica_3/C (clocked by clk_0) and gameMachine/game_regFile/M_direction_q_reg[0]/D (clocked by clk_0). Large setup violations at the end of those stages might be difficult to fix during the post-placement implementation flow and could be the result of non-optimal XDC constraints or non-optimal design architecture
Related violations: <none>

TIMING-16#24 Warning
Large setup violation  
There is a large setup violation of -33.208 ns between gameMachine/game_controlUnit/FSM_sequential_M_game_fsm_q_reg[3]_replica_3/C (clocked by clk_0) and gameMachine/game_regFile/M_temp6_q_reg[3]/D (clocked by clk_0). Large setup violations at the end of those stages might be difficult to fix during the post-placement implementation flow and could be the result of non-optimal XDC constraints or non-optimal design architecture
Related violations: <none>

TIMING-16#25 Warning
Large setup violation  
There is a large setup violation of -33.209 ns between gameMachine/game_controlUnit/FSM_sequential_M_game_fsm_q_reg[3]_replica_3/C (clocked by clk_0) and gameMachine/game_regFile/M_operand2_q_reg[3]/D (clocked by clk_0). Large setup violations at the end of those stages might be difficult to fix during the post-placement implementation flow and could be the result of non-optimal XDC constraints or non-optimal design architecture
Related violations: <none>

TIMING-16#26 Warning
Large setup violation  
There is a large setup violation of -33.210 ns between gameMachine/game_controlUnit/FSM_sequential_M_game_fsm_q_reg[3]_replica_3/C (clocked by clk_0) and gameMachine/game_regFile/M_operand1_q_reg[3]/D (clocked by clk_0). Large setup violations at the end of those stages might be difficult to fix during the post-placement implementation flow and could be the result of non-optimal XDC constraints or non-optimal design architecture
Related violations: <none>

TIMING-16#27 Warning
Large setup violation  
There is a large setup violation of -33.224 ns between gameMachine/game_controlUnit/FSM_sequential_M_game_fsm_q_reg[3]_replica_3/C (clocked by clk_0) and gameMachine/game_regFile/M_operand1_q_reg[3]_lopt_replica/D (clocked by clk_0). Large setup violations at the end of those stages might be difficult to fix during the post-placement implementation flow and could be the result of non-optimal XDC constraints or non-optimal design architecture
Related violations: <none>

TIMING-16#28 Warning
Large setup violation  
There is a large setup violation of -33.227 ns between gameMachine/game_controlUnit/FSM_sequential_M_game_fsm_q_reg[3]_replica_3/C (clocked by clk_0) and gameMachine/game_regFile/M_expectedAns_q_reg[8]/D (clocked by clk_0). Large setup violations at the end of those stages might be difficult to fix during the post-placement implementation flow and could be the result of non-optimal XDC constraints or non-optimal design architecture
Related violations: <none>

TIMING-16#29 Warning
Large setup violation  
There is a large setup violation of -33.252 ns between gameMachine/game_controlUnit/FSM_sequential_M_game_fsm_q_reg[3]_replica_3/C (clocked by clk_0) and gameMachine/game_regFile/M_operand1_q_reg[1]/D (clocked by clk_0). Large setup violations at the end of those stages might be difficult to fix during the post-placement implementation flow and could be the result of non-optimal XDC constraints or non-optimal design architecture
Related violations: <none>

TIMING-16#30 Warning
Large setup violation  
There is a large setup violation of -33.254 ns between gameMachine/game_controlUnit/FSM_sequential_M_game_fsm_q_reg[3]_replica_3/C (clocked by clk_0) and gameMachine/game_regFile/M_temp6_q_reg[1]/D (clocked by clk_0). Large setup violations at the end of those stages might be difficult to fix during the post-placement implementation flow and could be the result of non-optimal XDC constraints or non-optimal design architecture
Related violations: <none>

TIMING-16#31 Warning
Large setup violation  
There is a large setup violation of -33.273 ns between gameMachine/game_controlUnit/FSM_sequential_M_game_fsm_q_reg[3]_replica_3/C (clocked by clk_0) and gameMachine/game_regFile/M_expectedAns_q_reg[1]/D (clocked by clk_0). Large setup violations at the end of those stages might be difficult to fix during the post-placement implementation flow and could be the result of non-optimal XDC constraints or non-optimal design architecture
Related violations: <none>

TIMING-16#32 Warning
Large setup violation  
There is a large setup violation of -33.301 ns between gameMachine/game_controlUnit/FSM_sequential_M_game_fsm_q_reg[3]_replica_3/C (clocked by clk_0) and gameMachine/game_regFile/M_expectedAns_q_reg[4]/D (clocked by clk_0). Large setup violations at the end of those stages might be difficult to fix during the post-placement implementation flow and could be the result of non-optimal XDC constraints or non-optimal design architecture
Related violations: <none>

TIMING-16#33 Warning
Large setup violation  
There is a large setup violation of -33.341 ns between gameMachine/game_controlUnit/FSM_sequential_M_game_fsm_q_reg[3]_replica_3/C (clocked by clk_0) and gameMachine/game_regFile/M_ledvalue_q_reg[3]/D (clocked by clk_0). Large setup violations at the end of those stages might be difficult to fix during the post-placement implementation flow and could be the result of non-optimal XDC constraints or non-optimal design architecture
Related violations: <none>

TIMING-16#34 Warning
Large setup violation  
There is a large setup violation of -33.347 ns between gameMachine/game_controlUnit/FSM_sequential_M_game_fsm_q_reg[3]_replica_3/C (clocked by clk_0) and gameMachine/game_regFile/M_expectedAns_q_reg[7]/D (clocked by clk_0). Large setup violations at the end of those stages might be difficult to fix during the post-placement implementation flow and could be the result of non-optimal XDC constraints or non-optimal design architecture
Related violations: <none>

TIMING-16#35 Warning
Large setup violation  
There is a large setup violation of -33.367 ns between gameMachine/game_controlUnit/FSM_sequential_M_game_fsm_q_reg[3]_replica_3/C (clocked by clk_0) and gameMachine/game_regFile/M_temp6_q_reg[2]/D (clocked by clk_0). Large setup violations at the end of those stages might be difficult to fix during the post-placement implementation flow and could be the result of non-optimal XDC constraints or non-optimal design architecture
Related violations: <none>

TIMING-16#36 Warning
Large setup violation  
There is a large setup violation of -33.377 ns between gameMachine/game_controlUnit/FSM_sequential_M_game_fsm_q_reg[3]_replica_3/C (clocked by clk_0) and gameMachine/game_regFile/M_operand1_q_reg[2]/D (clocked by clk_0). Large setup violations at the end of those stages might be difficult to fix during the post-placement implementation flow and could be the result of non-optimal XDC constraints or non-optimal design architecture
Related violations: <none>

TIMING-16#37 Warning
Large setup violation  
There is a large setup violation of -33.386 ns between gameMachine/game_controlUnit/FSM_sequential_M_game_fsm_q_reg[3]_replica_3/C (clocked by clk_0) and gameMachine/game_regFile/M_ledvalue_q_reg[2]/D (clocked by clk_0). Large setup violations at the end of those stages might be difficult to fix during the post-placement implementation flow and could be the result of non-optimal XDC constraints or non-optimal design architecture
Related violations: <none>

TIMING-16#38 Warning
Large setup violation  
There is a large setup violation of -33.387 ns between gameMachine/game_controlUnit/FSM_sequential_M_game_fsm_q_reg[3]_replica_3/C (clocked by clk_0) and gameMachine/game_regFile/M_score_q_reg[2]/D (clocked by clk_0). Large setup violations at the end of those stages might be difficult to fix during the post-placement implementation flow and could be the result of non-optimal XDC constraints or non-optimal design architecture
Related violations: <none>

TIMING-16#39 Warning
Large setup violation  
There is a large setup violation of -33.388 ns between gameMachine/game_controlUnit/FSM_sequential_M_game_fsm_q_reg[3]_replica_3/C (clocked by clk_0) and gameMachine/game_regFile/M_countdown_timer_q_reg[1]/D (clocked by clk_0). Large setup violations at the end of those stages might be difficult to fix during the post-placement implementation flow and could be the result of non-optimal XDC constraints or non-optimal design architecture
Related violations: <none>

TIMING-16#40 Warning
Large setup violation  
There is a large setup violation of -33.396 ns between gameMachine/game_controlUnit/FSM_sequential_M_game_fsm_q_reg[3]_replica_3/C (clocked by clk_0) and gameMachine/game_regFile/M_operand2_q_reg[2]/D (clocked by clk_0). Large setup violations at the end of those stages might be difficult to fix during the post-placement implementation flow and could be the result of non-optimal XDC constraints or non-optimal design architecture
Related violations: <none>

TIMING-16#41 Warning
Large setup violation  
There is a large setup violation of -33.409 ns between gameMachine/game_controlUnit/FSM_sequential_M_game_fsm_q_reg[3]_replica_3/C (clocked by clk_0) and gameMachine/game_regFile/M_expectedAns_q_reg[2]/D (clocked by clk_0). Large setup violations at the end of those stages might be difficult to fix during the post-placement implementation flow and could be the result of non-optimal XDC constraints or non-optimal design architecture
Related violations: <none>

TIMING-16#42 Warning
Large setup violation  
There is a large setup violation of -33.422 ns between gameMachine/game_controlUnit/FSM_sequential_M_game_fsm_q_reg[3]_replica_3/C (clocked by clk_0) and gameMachine/game_regFile/M_ledvalue_q_reg[4]/D (clocked by clk_0). Large setup violations at the end of those stages might be difficult to fix during the post-placement implementation flow and could be the result of non-optimal XDC constraints or non-optimal design architecture
Related violations: <none>

TIMING-16#43 Warning
Large setup violation  
There is a large setup violation of -33.423 ns between gameMachine/game_controlUnit/FSM_sequential_M_game_fsm_q_reg[3]_replica_3/C (clocked by clk_0) and gameMachine/game_regFile/M_countdown_timer_q_reg[4]/D (clocked by clk_0). Large setup violations at the end of those stages might be difficult to fix during the post-placement implementation flow and could be the result of non-optimal XDC constraints or non-optimal design architecture
Related violations: <none>

TIMING-16#44 Warning
Large setup violation  
There is a large setup violation of -33.436 ns between gameMachine/game_controlUnit/FSM_sequential_M_game_fsm_q_reg[3]_replica_3/C (clocked by clk_0) and gameMachine/game_regFile/M_score_q_reg[6]/D (clocked by clk_0). Large setup violations at the end of those stages might be difficult to fix during the post-placement implementation flow and could be the result of non-optimal XDC constraints or non-optimal design architecture
Related violations: <none>

TIMING-16#45 Warning
Large setup violation  
There is a large setup violation of -33.440 ns between gameMachine/game_controlUnit/FSM_sequential_M_game_fsm_q_reg[3]_replica_3/C (clocked by clk_0) and gameMachine/game_regFile/M_temp6_q_reg[4]/D (clocked by clk_0). Large setup violations at the end of those stages might be difficult to fix during the post-placement implementation flow and could be the result of non-optimal XDC constraints or non-optimal design architecture
Related violations: <none>

TIMING-16#46 Warning
Large setup violation  
There is a large setup violation of -33.441 ns between gameMachine/game_controlUnit/FSM_sequential_M_game_fsm_q_reg[3]_replica_3/C (clocked by clk_0) and gameMachine/game_regFile/M_operand2_q_reg[0]/D (clocked by clk_0). Large setup violations at the end of those stages might be difficult to fix during the post-placement implementation flow and could be the result of non-optimal XDC constraints or non-optimal design architecture
Related violations: <none>

TIMING-16#47 Warning
Large setup violation  
There is a large setup violation of -33.446 ns between gameMachine/game_controlUnit/FSM_sequential_M_game_fsm_q_reg[3]_replica_3/C (clocked by clk_0) and gameMachine/game_regFile/M_score_q_reg[4]/D (clocked by clk_0). Large setup violations at the end of those stages might be difficult to fix during the post-placement implementation flow and could be the result of non-optimal XDC constraints or non-optimal design architecture
Related violations: <none>

TIMING-16#48 Warning
Large setup violation  
There is a large setup violation of -33.449 ns between gameMachine/game_controlUnit/FSM_sequential_M_game_fsm_q_reg[3]_replica_3/C (clocked by clk_0) and gameMachine/game_regFile/M_operand2_q_reg[6]/D (clocked by clk_0). Large setup violations at the end of those stages might be difficult to fix during the post-placement implementation flow and could be the result of non-optimal XDC constraints or non-optimal design architecture
Related violations: <none>

TIMING-16#49 Warning
Large setup violation  
There is a large setup violation of -33.451 ns between gameMachine/game_controlUnit/FSM_sequential_M_game_fsm_q_reg[3]_replica_3/C (clocked by clk_0) and gameMachine/game_regFile/M_operand1_q_reg[4]/D (clocked by clk_0). Large setup violations at the end of those stages might be difficult to fix during the post-placement implementation flow and could be the result of non-optimal XDC constraints or non-optimal design architecture
Related violations: <none>

TIMING-16#50 Warning
Large setup violation  
There is a large setup violation of -33.453 ns between gameMachine/game_controlUnit/FSM_sequential_M_game_fsm_q_reg[3]_replica_3/C (clocked by clk_0) and gameMachine/game_regFile/M_ledvalue_q_reg[6]/D (clocked by clk_0). Large setup violations at the end of those stages might be difficult to fix during the post-placement implementation flow and could be the result of non-optimal XDC constraints or non-optimal design architecture
Related violations: <none>

TIMING-16#51 Warning
Large setup violation  
There is a large setup violation of -33.467 ns between gameMachine/game_controlUnit/FSM_sequential_M_game_fsm_q_reg[3]_replica_3/C (clocked by clk_0) and gameMachine/game_regFile/M_expectedAns_q_reg[9]/D (clocked by clk_0). Large setup violations at the end of those stages might be difficult to fix during the post-placement implementation flow and could be the result of non-optimal XDC constraints or non-optimal design architecture
Related violations: <none>

TIMING-16#52 Warning
Large setup violation  
There is a large setup violation of -33.473 ns between gameMachine/game_controlUnit/FSM_sequential_M_game_fsm_q_reg[3]_replica_3/C (clocked by clk_0) and gameMachine/game_regFile/M_temp6_q_reg[6]/D (clocked by clk_0). Large setup violations at the end of those stages might be difficult to fix during the post-placement implementation flow and could be the result of non-optimal XDC constraints or non-optimal design architecture
Related violations: <none>

TIMING-16#53 Warning
Large setup violation  
There is a large setup violation of -33.476 ns between gameMachine/game_controlUnit/FSM_sequential_M_game_fsm_q_reg[3]_replica_3/C (clocked by clk_0) and gameMachine/game_regFile/M_ledvalue_q_reg[8]/D (clocked by clk_0). Large setup violations at the end of those stages might be difficult to fix during the post-placement implementation flow and could be the result of non-optimal XDC constraints or non-optimal design architecture
Related violations: <none>

TIMING-16#54 Warning
Large setup violation  
There is a large setup violation of -33.480 ns between gameMachine/game_controlUnit/FSM_sequential_M_game_fsm_q_reg[3]_replica_3/C (clocked by clk_0) and gameMachine/game_regFile/M_expectedAns_q_reg[6]/D (clocked by clk_0). Large setup violations at the end of those stages might be difficult to fix during the post-placement implementation flow and could be the result of non-optimal XDC constraints or non-optimal design architecture
Related violations: <none>

TIMING-16#55 Warning
Large setup violation  
There is a large setup violation of -33.486 ns between gameMachine/game_controlUnit/FSM_sequential_M_game_fsm_q_reg[3]_replica_3/C (clocked by clk_0) and gameMachine/game_regFile/M_operation_level_q_reg[1]/D (clocked by clk_0). Large setup violations at the end of those stages might be difficult to fix during the post-placement implementation flow and could be the result of non-optimal XDC constraints or non-optimal design architecture
Related violations: <none>

TIMING-16#56 Warning
Large setup violation  
There is a large setup violation of -33.567 ns between gameMachine/game_controlUnit/FSM_sequential_M_game_fsm_q_reg[3]_replica_3/C (clocked by clk_0) and gameMachine/game_regFile/M_operation_level_q_reg[0]/D (clocked by clk_0). Large setup violations at the end of those stages might be difficult to fix during the post-placement implementation flow and could be the result of non-optimal XDC constraints or non-optimal design architecture
Related violations: <none>

TIMING-16#57 Warning
Large setup violation  
There is a large setup violation of -33.619 ns between gameMachine/game_controlUnit/FSM_sequential_M_game_fsm_q_reg[3]_replica_3/C (clocked by clk_0) and gameMachine/game_regFile/M_operand1_q_reg[6]/D (clocked by clk_0). Large setup violations at the end of those stages might be difficult to fix during the post-placement implementation flow and could be the result of non-optimal XDC constraints or non-optimal design architecture
Related violations: <none>

TIMING-16#58 Warning
Large setup violation  
There is a large setup violation of -33.639 ns between gameMachine/game_controlUnit/FSM_sequential_M_game_fsm_q_reg[3]_replica_3/C (clocked by clk_0) and gameMachine/game_regFile/M_expectedAns_q_reg[5]/D (clocked by clk_0). Large setup violations at the end of those stages might be difficult to fix during the post-placement implementation flow and could be the result of non-optimal XDC constraints or non-optimal design architecture
Related violations: <none>

TIMING-16#59 Warning
Large setup violation  
There is a large setup violation of -33.652 ns between gameMachine/game_controlUnit/FSM_sequential_M_game_fsm_q_reg[3]_replica_3/C (clocked by clk_0) and gameMachine/game_regFile/M_operand2_q_reg[5]/D (clocked by clk_0). Large setup violations at the end of those stages might be difficult to fix during the post-placement implementation flow and could be the result of non-optimal XDC constraints or non-optimal design architecture
Related violations: <none>

TIMING-16#60 Warning
Large setup violation  
There is a large setup violation of -33.658 ns between gameMachine/game_controlUnit/FSM_sequential_M_game_fsm_q_reg[3]_replica_3/C (clocked by clk_0) and gameMachine/game_regFile/M_score_q_reg[5]/D (clocked by clk_0). Large setup violations at the end of those stages might be difficult to fix during the post-placement implementation flow and could be the result of non-optimal XDC constraints or non-optimal design architecture
Related violations: <none>

TIMING-16#61 Warning
Large setup violation  
There is a large setup violation of -33.665 ns between gameMachine/game_controlUnit/FSM_sequential_M_game_fsm_q_reg[3]_replica_3/C (clocked by clk_0) and gameMachine/game_regFile/M_temp6_q_reg[5]/D (clocked by clk_0). Large setup violations at the end of those stages might be difficult to fix during the post-placement implementation flow and could be the result of non-optimal XDC constraints or non-optimal design architecture
Related violations: <none>

TIMING-16#62 Warning
Large setup violation  
There is a large setup violation of -33.672 ns between gameMachine/game_controlUnit/FSM_sequential_M_game_fsm_q_reg[3]_replica_3/C (clocked by clk_0) and gameMachine/game_regFile/M_ledvalue_q_reg[5]/D (clocked by clk_0). Large setup violations at the end of those stages might be difficult to fix during the post-placement implementation flow and could be the result of non-optimal XDC constraints or non-optimal design architecture
Related violations: <none>

TIMING-16#63 Warning
Large setup violation  
There is a large setup violation of -33.933 ns between gameMachine/game_controlUnit/FSM_sequential_M_game_fsm_q_reg[3]_replica_3/C (clocked by clk_0) and gameMachine/game_regFile/M_countdown_timer_q_reg[5]/D (clocked by clk_0). Large setup violations at the end of those stages might be difficult to fix during the post-placement implementation flow and could be the result of non-optimal XDC constraints or non-optimal design architecture
Related violations: <none>

TIMING-18#1 Warning
Missing input or output delay  
An input delay is missing on io_button[0] relative to clock(s) clk_0
Related violations: <none>

TIMING-18#2 Warning
Missing input or output delay  
An input delay is missing on io_button[1] relative to clock(s) clk_0
Related violations: <none>

TIMING-18#3 Warning
Missing input or output delay  
An input delay is missing on io_button[2] relative to clock(s) clk_0
Related violations: <none>

TIMING-18#4 Warning
Missing input or output delay  
An input delay is missing on io_button[3] relative to clock(s) clk_0
Related violations: <none>

TIMING-18#5 Warning
Missing input or output delay  
An input delay is missing on io_button[4] relative to clock(s) clk_0
Related violations: <none>

TIMING-18#6 Warning
Missing input or output delay  
An input delay is missing on rst_n relative to clock(s) clk_0
Related violations: <none>

TIMING-18#7 Warning
Missing input or output delay  
An output delay is missing on io_led[0] relative to clock(s) clk_0
Related violations: <none>

TIMING-18#8 Warning
Missing input or output delay  
An output delay is missing on io_led[10] relative to clock(s) clk_0
Related violations: <none>

TIMING-18#9 Warning
Missing input or output delay  
An output delay is missing on io_led[11] relative to clock(s) clk_0
Related violations: <none>

TIMING-18#10 Warning
Missing input or output delay  
An output delay is missing on io_led[12] relative to clock(s) clk_0
Related violations: <none>

TIMING-18#11 Warning
Missing input or output delay  
An output delay is missing on io_led[13] relative to clock(s) clk_0
Related violations: <none>

TIMING-18#12 Warning
Missing input or output delay  
An output delay is missing on io_led[14] relative to clock(s) clk_0
Related violations: <none>

TIMING-18#13 Warning
Missing input or output delay  
An output delay is missing on io_led[15] relative to clock(s) clk_0
Related violations: <none>

TIMING-18#14 Warning
Missing input or output delay  
An output delay is missing on io_led[16] relative to clock(s) clk_0
Related violations: <none>

TIMING-18#15 Warning
Missing input or output delay  
An output delay is missing on io_led[17] relative to clock(s) clk_0
Related violations: <none>

TIMING-18#16 Warning
Missing input or output delay  
An output delay is missing on io_led[18] relative to clock(s) clk_0
Related violations: <none>

TIMING-18#17 Warning
Missing input or output delay  
An output delay is missing on io_led[19] relative to clock(s) clk_0
Related violations: <none>

TIMING-18#18 Warning
Missing input or output delay  
An output delay is missing on io_led[1] relative to clock(s) clk_0
Related violations: <none>

TIMING-18#19 Warning
Missing input or output delay  
An output delay is missing on io_led[20] relative to clock(s) clk_0
Related violations: <none>

TIMING-18#20 Warning
Missing input or output delay  
An output delay is missing on io_led[21] relative to clock(s) clk_0
Related violations: <none>

TIMING-18#21 Warning
Missing input or output delay  
An output delay is missing on io_led[22] relative to clock(s) clk_0
Related violations: <none>

TIMING-18#22 Warning
Missing input or output delay  
An output delay is missing on io_led[23] relative to clock(s) clk_0
Related violations: <none>

TIMING-18#23 Warning
Missing input or output delay  
An output delay is missing on io_led[2] relative to clock(s) clk_0
Related violations: <none>

TIMING-18#24 Warning
Missing input or output delay  
An output delay is missing on io_led[3] relative to clock(s) clk_0
Related violations: <none>

TIMING-18#25 Warning
Missing input or output delay  
An output delay is missing on io_led[4] relative to clock(s) clk_0
Related violations: <none>

TIMING-18#26 Warning
Missing input or output delay  
An output delay is missing on io_led[5] relative to clock(s) clk_0
Related violations: <none>

TIMING-18#27 Warning
Missing input or output delay  
An output delay is missing on io_led[6] relative to clock(s) clk_0
Related violations: <none>

TIMING-18#28 Warning
Missing input or output delay  
An output delay is missing on io_led[7] relative to clock(s) clk_0
Related violations: <none>

TIMING-18#29 Warning
Missing input or output delay  
An output delay is missing on io_led[8] relative to clock(s) clk_0
Related violations: <none>

TIMING-18#30 Warning
Missing input or output delay  
An output delay is missing on io_led[9] relative to clock(s) clk_0
Related violations: <none>

TIMING-18#31 Warning
Missing input or output delay  
An output delay is missing on io_seg[0] relative to clock(s) clk_0
Related violations: <none>

TIMING-18#32 Warning
Missing input or output delay  
An output delay is missing on io_seg[1] relative to clock(s) clk_0
Related violations: <none>

TIMING-18#33 Warning
Missing input or output delay  
An output delay is missing on io_seg[2] relative to clock(s) clk_0
Related violations: <none>

TIMING-18#34 Warning
Missing input or output delay  
An output delay is missing on io_seg[3] relative to clock(s) clk_0
Related violations: <none>

TIMING-18#35 Warning
Missing input or output delay  
An output delay is missing on io_seg[4] relative to clock(s) clk_0
Related violations: <none>

TIMING-18#36 Warning
Missing input or output delay  
An output delay is missing on io_seg[5] relative to clock(s) clk_0
Related violations: <none>

TIMING-18#37 Warning
Missing input or output delay  
An output delay is missing on io_seg[6] relative to clock(s) clk_0
Related violations: <none>

TIMING-18#38 Warning
Missing input or output delay  
An output delay is missing on io_seg[7] relative to clock(s) clk_0
Related violations: <none>

TIMING-18#39 Warning
Missing input or output delay  
An output delay is missing on io_sel[0] relative to clock(s) clk_0
Related violations: <none>

TIMING-18#40 Warning
Missing input or output delay  
An output delay is missing on io_sel[1] relative to clock(s) clk_0
Related violations: <none>

TIMING-18#41 Warning
Missing input or output delay  
An output delay is missing on io_sel[2] relative to clock(s) clk_0
Related violations: <none>

TIMING-18#42 Warning
Missing input or output delay  
An output delay is missing on io_sel[3] relative to clock(s) clk_0
Related violations: <none>

TIMING-18#43 Warning
Missing input or output delay  
An output delay is missing on led_level relative to clock(s) clk_0
Related violations: <none>

TIMING-18#44 Warning
Missing input or output delay  
An output delay is missing on nixie_a1[0] relative to clock(s) clk_0
Related violations: <none>

TIMING-18#45 Warning
Missing input or output delay  
An output delay is missing on nixie_a1[1] relative to clock(s) clk_0
Related violations: <none>

TIMING-18#46 Warning
Missing input or output delay  
An output delay is missing on nixie_a1[2] relative to clock(s) clk_0
Related violations: <none>

TIMING-18#47 Warning
Missing input or output delay  
An output delay is missing on nixie_a1[3] relative to clock(s) clk_0
Related violations: <none>

TIMING-18#48 Warning
Missing input or output delay  
An output delay is missing on opled relative to clock(s) clk_0
Related violations: <none>

TIMING-18#49 Warning
Missing input or output delay  
An output delay is missing on outled relative to clock(s) clk_0
Related violations: <none>

XDCC-4#1 Warning
User Clock constraint overwritten with the same name  
A new clock constraint create_clock overrides a previous user clock constraint with the same name.
New: create_clock -period 10.000 -name clk_0 -waveform {0.000 5.000} [get_ports clk] (Source: C:/Users/user/OneDrive/Term 4/Computation Structures/alchitry/compStrucGame1/work/constraint/custom.xdc (Line: 2))
Previous: create_clock -period 10.000 -name clk_0 -waveform {0.000 5.000} [get_ports clk] (Source: C:/Users/user/OneDrive/Term 4/Computation Structures/alchitry/compStrucGame1/work/constraint/alchitry.xdc (Line: 2))
Related violations: <none>

XDCC-8#1 Warning
User Clock constraint overwritten on the same source  
A new clock constraint create_clock overrides a previous user clock constraint defined on the same source.
New: create_clock -period 10.000 -name clk_0 -waveform {0.000 5.000} [get_ports clk] (Source: C:/Users/user/OneDrive/Term 4/Computation Structures/alchitry/compStrucGame1/work/constraint/custom.xdc (Line: 2))
Previous: create_clock -period 10.000 -name clk_0 -waveform {0.000 5.000} [get_ports clk] (Source: C:/Users/user/OneDrive/Term 4/Computation Structures/alchitry/compStrucGame1/work/constraint/alchitry.xdc (Line: 2))
Related violations: <none>


