
*** Running vivado
    with args -log au_top_0.vds -m64 -product Vivado -mode batch -messageDb vivado.pb -notrace -source au_top_0.tcl



****** Vivado v2020.1 (64-bit)
  **** SW Build 2902540 on Wed May 27 19:54:49 MDT 2020
  **** IP Build 2902112 on Wed May 27 22:43:36 MDT 2020
    ** Copyright 1986-2020 Xilinx, Inc. All Rights Reserved.

source au_top_0.tcl -notrace
Command: synth_design -top au_top_0 -part xc7a35tftg256-1
Starting synth_design
Attempting to get a license for feature 'Synthesis' and/or device 'xc7a35t'
INFO: [Common 17-349] Got license for feature 'Synthesis' and/or device 'xc7a35t'
INFO: [Device 21-403] Loading part xc7a35tftg256-1
INFO: [Synth 8-7079] Multithreading enabled for synth_design using a maximum of 2 processes.
INFO: [Synth 8-7078] Launching helper process for spawning children vivado processes
INFO: [Synth 8-7075] Helper process launched with PID 16084
---------------------------------------------------------------------------------
Starting RTL Elaboration : Time (s): cpu = 00:00:05 ; elapsed = 00:00:05 . Memory (MB): peak = 1012.859 ; gain = 0.000
---------------------------------------------------------------------------------
INFO: [Synth 8-6157] synthesizing module 'au_top_0' [C:/Users/user/OneDrive/Term 4/Computation Structures/alchitry/compStrucGame1/work/vivado/compStrucGame1/compStrucGame1.srcs/sources_1/imports/verilog/au_top_0.v:7]
INFO: [Synth 8-6157] synthesizing module 'reset_conditioner_1' [C:/Users/user/OneDrive/Term 4/Computation Structures/alchitry/compStrucGame1/work/vivado/compStrucGame1/compStrucGame1.srcs/sources_1/imports/verilog/reset_conditioner_1.v:11]
	Parameter STAGES bound to: 3'b100 
INFO: [Synth 8-6155] done synthesizing module 'reset_conditioner_1' (1#1) [C:/Users/user/OneDrive/Term 4/Computation Structures/alchitry/compStrucGame1/work/vivado/compStrucGame1/compStrucGame1.srcs/sources_1/imports/verilog/reset_conditioner_1.v:11]
INFO: [Synth 8-6157] synthesizing module 'flasher_2' [C:/Users/user/OneDrive/Term 4/Computation Structures/alchitry/compStrucGame1/work/vivado/compStrucGame1/compStrucGame1.srcs/sources_1/imports/verilog/flasher_2.v:7]
	Parameter PLAYLEFT_state bound to: 1'b0 
	Parameter PLAYRIGHT_state bound to: 1'b1 
INFO: [Synth 8-6157] synthesizing module 'alu_3' [C:/Users/user/OneDrive/Term 4/Computation Structures/alchitry/compStrucGame1/work/vivado/compStrucGame1/compStrucGame1.srcs/sources_1/imports/verilog/alu_3.v:7]
INFO: [Synth 8-6157] synthesizing module 'fasixteen_5' [C:/Users/user/OneDrive/Term 4/Computation Structures/alchitry/compStrucGame1/work/vivado/compStrucGame1/compStrucGame1.srcs/sources_1/imports/verilog/fasixteen_5.v:7]
INFO: [Synth 8-226] default block is never used [C:/Users/user/OneDrive/Term 4/Computation Structures/alchitry/compStrucGame1/work/vivado/compStrucGame1/compStrucGame1.srcs/sources_1/imports/verilog/fasixteen_5.v:24]
INFO: [Synth 8-6155] done synthesizing module 'fasixteen_5' (2#1) [C:/Users/user/OneDrive/Term 4/Computation Structures/alchitry/compStrucGame1/work/vivado/compStrucGame1/compStrucGame1.srcs/sources_1/imports/verilog/fasixteen_5.v:7]
INFO: [Synth 8-6157] synthesizing module 'comparesixteen_6' [C:/Users/user/OneDrive/Term 4/Computation Structures/alchitry/compStrucGame1/work/vivado/compStrucGame1/compStrucGame1.srcs/sources_1/imports/verilog/comparesixteen_6.v:7]
INFO: [Synth 8-6155] done synthesizing module 'comparesixteen_6' (3#1) [C:/Users/user/OneDrive/Term 4/Computation Structures/alchitry/compStrucGame1/work/vivado/compStrucGame1/compStrucGame1.srcs/sources_1/imports/verilog/comparesixteen_6.v:7]
INFO: [Synth 8-6157] synthesizing module 'shiftersixteen_7' [C:/Users/user/OneDrive/Term 4/Computation Structures/alchitry/compStrucGame1/work/vivado/compStrucGame1/compStrucGame1.srcs/sources_1/imports/verilog/shiftersixteen_7.v:7]
INFO: [Synth 8-6155] done synthesizing module 'shiftersixteen_7' (4#1) [C:/Users/user/OneDrive/Term 4/Computation Structures/alchitry/compStrucGame1/work/vivado/compStrucGame1/compStrucGame1.srcs/sources_1/imports/verilog/shiftersixteen_7.v:7]
INFO: [Synth 8-6157] synthesizing module 'boolesixteen_8' [C:/Users/user/OneDrive/Term 4/Computation Structures/alchitry/compStrucGame1/work/vivado/compStrucGame1/compStrucGame1.srcs/sources_1/imports/verilog/boolesixteen_8.v:7]
INFO: [Synth 8-6155] done synthesizing module 'boolesixteen_8' (5#1) [C:/Users/user/OneDrive/Term 4/Computation Structures/alchitry/compStrucGame1/work/vivado/compStrucGame1/compStrucGame1.srcs/sources_1/imports/verilog/boolesixteen_8.v:7]
INFO: [Synth 8-226] default block is never used [C:/Users/user/OneDrive/Term 4/Computation Structures/alchitry/compStrucGame1/work/vivado/compStrucGame1/compStrucGame1.srcs/sources_1/imports/verilog/alu_3.v:86]
INFO: [Synth 8-6155] done synthesizing module 'alu_3' (6#1) [C:/Users/user/OneDrive/Term 4/Computation Structures/alchitry/compStrucGame1/work/vivado/compStrucGame1/compStrucGame1.srcs/sources_1/imports/verilog/alu_3.v:7]
INFO: [Synth 8-6157] synthesizing module 'delayer_4' [C:/Users/user/OneDrive/Term 4/Computation Structures/alchitry/compStrucGame1/work/vivado/compStrucGame1/compStrucGame1.srcs/sources_1/imports/verilog/delayer_4.v:7]
INFO: [Synth 8-6157] synthesizing module 'customCounter_9' [C:/Users/user/OneDrive/Term 4/Computation Structures/alchitry/compStrucGame1/work/vivado/compStrucGame1/compStrucGame1.srcs/sources_1/imports/verilog/customCounter_9.v:14]
	Parameter SIZE bound to: 4'b1000 
	Parameter DIV bound to: 1'b0 
	Parameter TOP bound to: 1'b0 
	Parameter UP bound to: 1'b1 
	Parameter MAX_VALUE bound to: 5'b10100 
INFO: [Synth 8-6155] done synthesizing module 'customCounter_9' (7#1) [C:/Users/user/OneDrive/Term 4/Computation Structures/alchitry/compStrucGame1/work/vivado/compStrucGame1/compStrucGame1.srcs/sources_1/imports/verilog/customCounter_9.v:14]
INFO: [Synth 8-6155] done synthesizing module 'delayer_4' (8#1) [C:/Users/user/OneDrive/Term 4/Computation Structures/alchitry/compStrucGame1/work/vivado/compStrucGame1/compStrucGame1.srcs/sources_1/imports/verilog/delayer_4.v:7]
INFO: [Synth 8-6155] done synthesizing module 'flasher_2' (9#1) [C:/Users/user/OneDrive/Term 4/Computation Structures/alchitry/compStrucGame1/work/vivado/compStrucGame1/compStrucGame1.srcs/sources_1/imports/verilog/flasher_2.v:7]
INFO: [Synth 8-6155] done synthesizing module 'au_top_0' (10#1) [C:/Users/user/OneDrive/Term 4/Computation Structures/alchitry/compStrucGame1/work/vivado/compStrucGame1/compStrucGame1.srcs/sources_1/imports/verilog/au_top_0.v:7]
---------------------------------------------------------------------------------
Finished RTL Elaboration : Time (s): cpu = 00:00:07 ; elapsed = 00:00:07 . Memory (MB): peak = 1012.859 ; gain = 0.000
---------------------------------------------------------------------------------
---------------------------------------------------------------------------------
Start Handling Custom Attributes
---------------------------------------------------------------------------------
---------------------------------------------------------------------------------
Finished Handling Custom Attributes : Time (s): cpu = 00:00:07 ; elapsed = 00:00:07 . Memory (MB): peak = 1012.859 ; gain = 0.000
---------------------------------------------------------------------------------
---------------------------------------------------------------------------------
Finished RTL Optimization Phase 1 : Time (s): cpu = 00:00:07 ; elapsed = 00:00:07 . Memory (MB): peak = 1012.859 ; gain = 0.000
---------------------------------------------------------------------------------
Netlist sorting complete. Time (s): cpu = 00:00:00 ; elapsed = 00:00:00.008 . Memory (MB): peak = 1012.859 ; gain = 0.000
INFO: [Project 1-570] Preparing netlist for logic optimization

Processing XDC Constraints
Initializing timing engine
Parsing XDC File [C:/Users/user/OneDrive/Term 4/Computation Structures/alchitry/compStrucGame1/work/constraint/alchitry.xdc]
Finished Parsing XDC File [C:/Users/user/OneDrive/Term 4/Computation Structures/alchitry/compStrucGame1/work/constraint/alchitry.xdc]
INFO: [Project 1-236] Implementation specific constraints were found while reading constraint file [C:/Users/user/OneDrive/Term 4/Computation Structures/alchitry/compStrucGame1/work/constraint/alchitry.xdc]. These constraints will be ignored for synthesis but will be used in implementation. Impacted constraints are listed in the file [.Xil/au_top_0_propImpl.xdc].
Resolution: To avoid this warning, move constraints listed in [.Xil/au_top_0_propImpl.xdc] to another XDC file and exclude this new file from synthesis with the used_in_synthesis property (File Properties dialog in GUI) and re-run elaboration/synthesis.
Parsing XDC File [C:/Users/user/OneDrive/Term 4/Computation Structures/alchitry/compStrucGame1/work/constraint/io.xdc]
Finished Parsing XDC File [C:/Users/user/OneDrive/Term 4/Computation Structures/alchitry/compStrucGame1/work/constraint/io.xdc]
INFO: [Project 1-236] Implementation specific constraints were found while reading constraint file [C:/Users/user/OneDrive/Term 4/Computation Structures/alchitry/compStrucGame1/work/constraint/io.xdc]. These constraints will be ignored for synthesis but will be used in implementation. Impacted constraints are listed in the file [.Xil/au_top_0_propImpl.xdc].
Resolution: To avoid this warning, move constraints listed in [.Xil/au_top_0_propImpl.xdc] to another XDC file and exclude this new file from synthesis with the used_in_synthesis property (File Properties dialog in GUI) and re-run elaboration/synthesis.
Parsing XDC File [C:/Program Files/Alchitry/Alchitry Labs/library/components/au.xdc]
Finished Parsing XDC File [C:/Program Files/Alchitry/Alchitry Labs/library/components/au.xdc]
Completed Processing XDC Constraints

Netlist sorting complete. Time (s): cpu = 00:00:00 ; elapsed = 00:00:00 . Memory (MB): peak = 1012.859 ; gain = 0.000
INFO: [Project 1-111] Unisim Transformation Summary:
No Unisim elements were transformed.

Constraint Validation Runtime : Time (s): cpu = 00:00:00 ; elapsed = 00:00:00.005 . Memory (MB): peak = 1012.859 ; gain = 0.000
---------------------------------------------------------------------------------
Finished Constraint Validation : Time (s): cpu = 00:00:15 ; elapsed = 00:00:15 . Memory (MB): peak = 1012.859 ; gain = 0.000
---------------------------------------------------------------------------------
---------------------------------------------------------------------------------
Start Loading Part and Timing Information
---------------------------------------------------------------------------------
Loading part: xc7a35tftg256-1
---------------------------------------------------------------------------------
Finished Loading Part and Timing Information : Time (s): cpu = 00:00:15 ; elapsed = 00:00:15 . Memory (MB): peak = 1012.859 ; gain = 0.000
---------------------------------------------------------------------------------
---------------------------------------------------------------------------------
Start Applying 'set_property' XDC Constraints
---------------------------------------------------------------------------------
---------------------------------------------------------------------------------
Finished applying 'set_property' XDC Constraints : Time (s): cpu = 00:00:15 ; elapsed = 00:00:15 . Memory (MB): peak = 1012.859 ; gain = 0.000
---------------------------------------------------------------------------------
---------------------------------------------------------------------------------
Finished RTL Optimization Phase 2 : Time (s): cpu = 00:00:15 ; elapsed = 00:00:16 . Memory (MB): peak = 1012.859 ; gain = 0.000
---------------------------------------------------------------------------------
---------------------------------------------------------------------------------
Start RTL Component Statistics 
---------------------------------------------------------------------------------
Detailed RTL Component Info : 
+---Adders : 
	   2 Input   16 Bit       Adders := 5     
	   3 Input   16 Bit       Adders := 1     
	   2 Input    8 Bit       Adders := 1     
+---XORs : 
	   2 Input     16 Bit         XORs := 1     
	   2 Input      1 Bit         XORs := 1     
+---Registers : 
	               16 Bit    Registers := 1     
	                8 Bit    Registers := 1     
	                5 Bit    Registers := 1     
	                4 Bit    Registers := 1     
	                1 Bit    Registers := 1     
+---Muxes : 
	   2 Input   16 Bit        Muxes := 10    
	   4 Input   16 Bit        Muxes := 2     
	   2 Input    8 Bit        Muxes := 1     
	   2 Input    5 Bit        Muxes := 1     
	   2 Input    1 Bit        Muxes := 7     
	   4 Input    1 Bit        Muxes := 1     
	   3 Input    1 Bit        Muxes := 1     
---------------------------------------------------------------------------------
Finished RTL Component Statistics 
---------------------------------------------------------------------------------
---------------------------------------------------------------------------------
Start Part Resource Summary
---------------------------------------------------------------------------------
Part Resources:
DSPs: 90 (col length:60)
BRAMs: 100 (col length: RAMB18 60 RAMB36 30)
---------------------------------------------------------------------------------
Finished Part Resource Summary
---------------------------------------------------------------------------------
---------------------------------------------------------------------------------
Start Cross Boundary and Area Optimization
---------------------------------------------------------------------------------
DSP Report: Generating DSP out0, operation Mode is: A*B.
DSP Report: operator out0 is absorbed into DSP out0.
---------------------------------------------------------------------------------
Finished Cross Boundary and Area Optimization : Time (s): cpu = 00:00:18 ; elapsed = 00:00:18 . Memory (MB): peak = 1012.859 ; gain = 0.000
---------------------------------------------------------------------------------
---------------------------------------------------------------------------------
Start ROM, RAM, DSP and Shift Register Reporting
---------------------------------------------------------------------------------

DSP: Preliminary Mapping	Report (see note below)
+------------+-------------+--------+--------+--------+--------+--------+------+------+------+------+-------+------+------+
|Module Name | DSP Mapping | A Size | B Size | C Size | D Size | P Size | AREG | BREG | CREG | DREG | ADREG | MREG | PREG | 
+------------+-------------+--------+--------+--------+--------+--------+------+------+------+------+-------+------+------+
|fasixteen_5 | A*B         | 16     | 16     | -      | -      | 32     | 0    | 0    | -    | -    | -     | 0    | 0    | 
+------------+-------------+--------+--------+--------+--------+--------+------+------+------+------+-------+------+------+

Note: The table above is a preliminary report that shows the DSPs inferred at the current stage of the synthesis flow. Some DSP may be reimplemented as non DSP primitives later in the synthesis flow. Multiple instantiated DSPs are reported only once.
---------------------------------------------------------------------------------
Finished ROM, RAM, DSP and Shift Register Reporting
---------------------------------------------------------------------------------
---------------------------------------------------------------------------------
Start Applying XDC Timing Constraints
---------------------------------------------------------------------------------
---------------------------------------------------------------------------------
Finished Applying XDC Timing Constraints : Time (s): cpu = 00:00:27 ; elapsed = 00:00:28 . Memory (MB): peak = 1012.859 ; gain = 0.000
---------------------------------------------------------------------------------
---------------------------------------------------------------------------------
Start Timing Optimization
---------------------------------------------------------------------------------
---------------------------------------------------------------------------------
Finished Timing Optimization : Time (s): cpu = 00:00:27 ; elapsed = 00:00:28 . Memory (MB): peak = 1012.859 ; gain = 0.000
---------------------------------------------------------------------------------
---------------------------------------------------------------------------------
Start Technology Mapping
---------------------------------------------------------------------------------
---------------------------------------------------------------------------------
Finished Technology Mapping : Time (s): cpu = 00:00:27 ; elapsed = 00:00:28 . Memory (MB): peak = 1012.859 ; gain = 0.000
---------------------------------------------------------------------------------
---------------------------------------------------------------------------------
Start IO Insertion
---------------------------------------------------------------------------------
---------------------------------------------------------------------------------
Start Flattening Before IO Insertion
---------------------------------------------------------------------------------
---------------------------------------------------------------------------------
Finished Flattening Before IO Insertion
---------------------------------------------------------------------------------
---------------------------------------------------------------------------------
Start Final Netlist Cleanup
---------------------------------------------------------------------------------
---------------------------------------------------------------------------------
Finished Final Netlist Cleanup
---------------------------------------------------------------------------------
---------------------------------------------------------------------------------
Finished IO Insertion : Time (s): cpu = 00:00:32 ; elapsed = 00:00:33 . Memory (MB): peak = 1012.859 ; gain = 0.000
---------------------------------------------------------------------------------
---------------------------------------------------------------------------------
Start Renaming Generated Instances
---------------------------------------------------------------------------------
---------------------------------------------------------------------------------
Finished Renaming Generated Instances : Time (s): cpu = 00:00:32 ; elapsed = 00:00:33 . Memory (MB): peak = 1012.859 ; gain = 0.000
---------------------------------------------------------------------------------
---------------------------------------------------------------------------------
Start Rebuilding User Hierarchy
---------------------------------------------------------------------------------
---------------------------------------------------------------------------------
Finished Rebuilding User Hierarchy : Time (s): cpu = 00:00:32 ; elapsed = 00:00:33 . Memory (MB): peak = 1012.859 ; gain = 0.000
---------------------------------------------------------------------------------
---------------------------------------------------------------------------------
Start Renaming Generated Ports
---------------------------------------------------------------------------------
---------------------------------------------------------------------------------
Finished Renaming Generated Ports : Time (s): cpu = 00:00:32 ; elapsed = 00:00:33 . Memory (MB): peak = 1012.859 ; gain = 0.000
---------------------------------------------------------------------------------
---------------------------------------------------------------------------------
Start Handling Custom Attributes
---------------------------------------------------------------------------------
---------------------------------------------------------------------------------
Finished Handling Custom Attributes : Time (s): cpu = 00:00:32 ; elapsed = 00:00:33 . Memory (MB): peak = 1012.859 ; gain = 0.000
---------------------------------------------------------------------------------
---------------------------------------------------------------------------------
Start Renaming Generated Nets
---------------------------------------------------------------------------------
---------------------------------------------------------------------------------
Finished Renaming Generated Nets : Time (s): cpu = 00:00:32 ; elapsed = 00:00:33 . Memory (MB): peak = 1012.859 ; gain = 0.000
---------------------------------------------------------------------------------
---------------------------------------------------------------------------------
Start Writing Synthesis Report
---------------------------------------------------------------------------------

Report BlackBoxes: 
+-+--------------+----------+
| |BlackBox name |Instances |
+-+--------------+----------+
+-+--------------+----------+

Report Cell Usage: 
+------+-------+------+
|      |Cell   |Count |
+------+-------+------+
|1     |BUFG   |     1|
|2     |CARRY4 |     6|
|3     |LUT1   |     1|
|4     |LUT2   |     2|
|5     |LUT3   |     3|
|6     |LUT4   |     3|
|7     |LUT5   |     3|
|8     |LUT6   |    14|
|9     |FDRE   |    38|
|10    |IBUF   |     2|
|11    |OBUF   |    45|
+------+-------+------+
---------------------------------------------------------------------------------
Finished Writing Synthesis Report : Time (s): cpu = 00:00:32 ; elapsed = 00:00:33 . Memory (MB): peak = 1012.859 ; gain = 0.000
---------------------------------------------------------------------------------
Synthesis finished with 0 errors, 0 critical warnings and 0 warnings.
Synthesis Optimization Runtime : Time (s): cpu = 00:00:22 ; elapsed = 00:00:30 . Memory (MB): peak = 1012.859 ; gain = 0.000
Synthesis Optimization Complete : Time (s): cpu = 00:00:32 ; elapsed = 00:00:33 . Memory (MB): peak = 1012.859 ; gain = 0.000
INFO: [Project 1-571] Translating synthesized netlist
Netlist sorting complete. Time (s): cpu = 00:00:00 ; elapsed = 00:00:00.001 . Memory (MB): peak = 1012.859 ; gain = 0.000
INFO: [Netlist 29-17] Analyzing 6 Unisim elements for replacement
INFO: [Netlist 29-28] Unisim Transformation completed in 0 CPU seconds
INFO: [Project 1-570] Preparing netlist for logic optimization
INFO: [Opt 31-138] Pushed 0 inverter(s) to 0 load pin(s).
Netlist sorting complete. Time (s): cpu = 00:00:00 ; elapsed = 00:00:00 . Memory (MB): peak = 1012.859 ; gain = 0.000
INFO: [Project 1-111] Unisim Transformation Summary:
No Unisim elements were transformed.

INFO: [Common 17-83] Releasing license: Synthesis
38 Infos, 0 Warnings, 0 Critical Warnings and 0 Errors encountered.
synth_design completed successfully
synth_design: Time (s): cpu = 00:00:37 ; elapsed = 00:00:41 . Memory (MB): peak = 1012.859 ; gain = 0.000
INFO: [Common 17-1381] The checkpoint 'C:/Users/user/OneDrive/Term 4/Computation Structures/alchitry/compStrucGame1/work/vivado/compStrucGame1/compStrucGame1.runs/synth_1/au_top_0.dcp' has been generated.
INFO: [runtcl-4] Executing : report_utilization -file au_top_0_utilization_synth.rpt -pb au_top_0_utilization_synth.pb
INFO: [Common 17-206] Exiting Vivado at Wed Nov 11 23:37:35 2020...
